Copyright 1986-2020 Xilinx, Inc. All Rights Reserved.
--------------------------------------------------------------------------------------------------------------------------------------------------------------------------------------
| Tool Version : Vivado v.2020.2 (win64) Build 3064766 Wed Nov 18 09:12:45 MST 2020
| Date         : Sat May 15 15:03:55 2021
| Host         : DESKTOP-B26A0RC running 64-bit major release  (build 9200)
| Command      : report_methodology -file reclama_animatie_methodology_drc_routed.rpt -pb reclama_animatie_methodology_drc_routed.pb -rpx reclama_animatie_methodology_drc_routed.rpx
| Design       : reclama_animatie
| Device       : xc7a35tcpg236-1
| Speed File   : -1
| Design State : Fully Routed
--------------------------------------------------------------------------------------------------------------------------------------------------------------------------------------

Report Methodology

Table of Contents
-----------------
1. REPORT SUMMARY
2. REPORT DETAILS

1. REPORT SUMMARY
-----------------
            Netlist: netlist
          Floorplan: design_1
      Design limits: <entire design considered>
             Max violations: <unlimited>
             Violations found: 64
+-----------+------------------+-----------------------------+------------+
| Rule      | Severity         | Description                 | Violations |
+-----------+------------------+-----------------------------+------------+
| TIMING-17 | Critical Warning | Non-clocked sequential cell | 32         |
| TIMING-20 | Warning          | Non-clocked latch           | 32         |
+-----------+------------------+-----------------------------+------------+

2. REPORT DETAILS
-----------------
TIMING-17#1 Critical Warning
Non-clocked sequential cell  
The clock pin NUMARATOR/numar_reg[0]/C is not reached by a timing clock
Related violations: <none>

TIMING-17#2 Critical Warning
Non-clocked sequential cell  
The clock pin NUMARATOR/numar_reg[10]/C is not reached by a timing clock
Related violations: <none>

TIMING-17#3 Critical Warning
Non-clocked sequential cell  
The clock pin NUMARATOR/numar_reg[11]/C is not reached by a timing clock
Related violations: <none>

TIMING-17#4 Critical Warning
Non-clocked sequential cell  
The clock pin NUMARATOR/numar_reg[12]/C is not reached by a timing clock
Related violations: <none>

TIMING-17#5 Critical Warning
Non-clocked sequential cell  
The clock pin NUMARATOR/numar_reg[13]/C is not reached by a timing clock
Related violations: <none>

TIMING-17#6 Critical Warning
Non-clocked sequential cell  
The clock pin NUMARATOR/numar_reg[14]/C is not reached by a timing clock
Related violations: <none>

TIMING-17#7 Critical Warning
Non-clocked sequential cell  
The clock pin NUMARATOR/numar_reg[15]/C is not reached by a timing clock
Related violations: <none>

TIMING-17#8 Critical Warning
Non-clocked sequential cell  
The clock pin NUMARATOR/numar_reg[16]/C is not reached by a timing clock
Related violations: <none>

TIMING-17#9 Critical Warning
Non-clocked sequential cell  
The clock pin NUMARATOR/numar_reg[17]/C is not reached by a timing clock
Related violations: <none>

TIMING-17#10 Critical Warning
Non-clocked sequential cell  
The clock pin NUMARATOR/numar_reg[18]/C is not reached by a timing clock
Related violations: <none>

TIMING-17#11 Critical Warning
Non-clocked sequential cell  
The clock pin NUMARATOR/numar_reg[19]/C is not reached by a timing clock
Related violations: <none>

TIMING-17#12 Critical Warning
Non-clocked sequential cell  
The clock pin NUMARATOR/numar_reg[1]/C is not reached by a timing clock
Related violations: <none>

TIMING-17#13 Critical Warning
Non-clocked sequential cell  
The clock pin NUMARATOR/numar_reg[20]/C is not reached by a timing clock
Related violations: <none>

TIMING-17#14 Critical Warning
Non-clocked sequential cell  
The clock pin NUMARATOR/numar_reg[21]/C is not reached by a timing clock
Related violations: <none>

TIMING-17#15 Critical Warning
Non-clocked sequential cell  
The clock pin NUMARATOR/numar_reg[22]/C is not reached by a timing clock
Related violations: <none>

TIMING-17#16 Critical Warning
Non-clocked sequential cell  
The clock pin NUMARATOR/numar_reg[23]/C is not reached by a timing clock
Related violations: <none>

TIMING-17#17 Critical Warning
Non-clocked sequential cell  
The clock pin NUMARATOR/numar_reg[24]/C is not reached by a timing clock
Related violations: <none>

TIMING-17#18 Critical Warning
Non-clocked sequential cell  
The clock pin NUMARATOR/numar_reg[25]/C is not reached by a timing clock
Related violations: <none>

TIMING-17#19 Critical Warning
Non-clocked sequential cell  
The clock pin NUMARATOR/numar_reg[26]/C is not reached by a timing clock
Related violations: <none>

TIMING-17#20 Critical Warning
Non-clocked sequential cell  
The clock pin NUMARATOR/numar_reg[27]/C is not reached by a timing clock
Related violations: <none>

TIMING-17#21 Critical Warning
Non-clocked sequential cell  
The clock pin NUMARATOR/numar_reg[28]/C is not reached by a timing clock
Related violations: <none>

TIMING-17#22 Critical Warning
Non-clocked sequential cell  
The clock pin NUMARATOR/numar_reg[29]/C is not reached by a timing clock
Related violations: <none>

TIMING-17#23 Critical Warning
Non-clocked sequential cell  
The clock pin NUMARATOR/numar_reg[2]/C is not reached by a timing clock
Related violations: <none>

TIMING-17#24 Critical Warning
Non-clocked sequential cell  
The clock pin NUMARATOR/numar_reg[30]/C is not reached by a timing clock
Related violations: <none>

TIMING-17#25 Critical Warning
Non-clocked sequential cell  
The clock pin NUMARATOR/numar_reg[31]/C is not reached by a timing clock
Related violations: <none>

TIMING-17#26 Critical Warning
Non-clocked sequential cell  
The clock pin NUMARATOR/numar_reg[3]/C is not reached by a timing clock
Related violations: <none>

TIMING-17#27 Critical Warning
Non-clocked sequential cell  
The clock pin NUMARATOR/numar_reg[4]/C is not reached by a timing clock
Related violations: <none>

TIMING-17#28 Critical Warning
Non-clocked sequential cell  
The clock pin NUMARATOR/numar_reg[5]/C is not reached by a timing clock
Related violations: <none>

TIMING-17#29 Critical Warning
Non-clocked sequential cell  
The clock pin NUMARATOR/numar_reg[6]/C is not reached by a timing clock
Related violations: <none>

TIMING-17#30 Critical Warning
Non-clocked sequential cell  
The clock pin NUMARATOR/numar_reg[7]/C is not reached by a timing clock
Related violations: <none>

TIMING-17#31 Critical Warning
Non-clocked sequential cell  
The clock pin NUMARATOR/numar_reg[8]/C is not reached by a timing clock
Related violations: <none>

TIMING-17#32 Critical Warning
Non-clocked sequential cell  
The clock pin NUMARATOR/numar_reg[9]/C is not reached by a timing clock
Related violations: <none>

TIMING-20#1 Warning
Non-clocked latch  
The latch MOD_ANIMATIE/Q_reg[0] cannot be properly analyzed as its control pin MOD_ANIMATIE/Q_reg[0]/G is not reached by a timing clock
Related violations: <none>

TIMING-20#2 Warning
Non-clocked latch  
The latch MOD_ANIMATIE/Q_reg[1] cannot be properly analyzed as its control pin MOD_ANIMATIE/Q_reg[1]/G is not reached by a timing clock
Related violations: <none>

TIMING-20#3 Warning
Non-clocked latch  
The latch MOD_ANIMATIE/Q_reg[2] cannot be properly analyzed as its control pin MOD_ANIMATIE/Q_reg[2]/G is not reached by a timing clock
Related violations: <none>

TIMING-20#4 Warning
Non-clocked latch  
The latch MOD_ANIMATIE/Q_reg[3] cannot be properly analyzed as its control pin MOD_ANIMATIE/Q_reg[3]/G is not reached by a timing clock
Related violations: <none>

TIMING-20#5 Warning
Non-clocked latch  
The latch MOD_ANIMATIE/Q_reg[4] cannot be properly analyzed as its control pin MOD_ANIMATIE/Q_reg[4]/G is not reached by a timing clock
Related violations: <none>

TIMING-20#6 Warning
Non-clocked latch  
The latch MOD_ANIMATIE/Q_reg[5] cannot be properly analyzed as its control pin MOD_ANIMATIE/Q_reg[5]/G is not reached by a timing clock
Related violations: <none>

TIMING-20#7 Warning
Non-clocked latch  
The latch ROM0/ROM_reg[3] cannot be properly analyzed as its control pin ROM0/ROM_reg[3]/G is not reached by a timing clock
Related violations: <none>

TIMING-20#8 Warning
Non-clocked latch  
The latch ROM0/ROM_reg[4] cannot be properly analyzed as its control pin ROM0/ROM_reg[4]/G is not reached by a timing clock
Related violations: <none>

TIMING-20#9 Warning
Non-clocked latch  
The latch ROM0/ROM_reg[6] cannot be properly analyzed as its control pin ROM0/ROM_reg[6]/G is not reached by a timing clock
Related violations: <none>

TIMING-20#10 Warning
Non-clocked latch  
The latch ROM0/ROM_reg[7] cannot be properly analyzed as its control pin ROM0/ROM_reg[7]/G is not reached by a timing clock
Related violations: <none>

TIMING-20#11 Warning
Non-clocked latch  
The latch ROM1/ROM_reg[4] cannot be properly analyzed as its control pin ROM1/ROM_reg[4]/G is not reached by a timing clock
Related violations: <none>

TIMING-20#12 Warning
Non-clocked latch  
The latch ROM1/ROM_reg[6] cannot be properly analyzed as its control pin ROM1/ROM_reg[6]/G is not reached by a timing clock
Related violations: <none>

TIMING-20#13 Warning
Non-clocked latch  
The latch ROM1/ROM_reg[7] cannot be properly analyzed as its control pin ROM1/ROM_reg[7]/G is not reached by a timing clock
Related violations: <none>

TIMING-20#14 Warning
Non-clocked latch  
The latch ROM2/ROM_reg[3] cannot be properly analyzed as its control pin ROM2/ROM_reg[3]/G is not reached by a timing clock
Related violations: <none>

TIMING-20#15 Warning
Non-clocked latch  
The latch ROM2/ROM_reg[4] cannot be properly analyzed as its control pin ROM2/ROM_reg[4]/G is not reached by a timing clock
Related violations: <none>

TIMING-20#16 Warning
Non-clocked latch  
The latch ROM2/ROM_reg[6] cannot be properly analyzed as its control pin ROM2/ROM_reg[6]/G is not reached by a timing clock
Related violations: <none>

TIMING-20#17 Warning
Non-clocked latch  
The latch ROM2/ROM_reg[7] cannot be properly analyzed as its control pin ROM2/ROM_reg[7]/G is not reached by a timing clock
Related violations: <none>

TIMING-20#18 Warning
Non-clocked latch  
The latch ROM3/ROM_reg[4] cannot be properly analyzed as its control pin ROM3/ROM_reg[4]/G is not reached by a timing clock
Related violations: <none>

TIMING-20#19 Warning
Non-clocked latch  
The latch ROM3/ROM_reg[6] cannot be properly analyzed as its control pin ROM3/ROM_reg[6]/G is not reached by a timing clock
Related violations: <none>

TIMING-20#20 Warning
Non-clocked latch  
The latch ROM3/ROM_reg[7] cannot be properly analyzed as its control pin ROM3/ROM_reg[7]/G is not reached by a timing clock
Related violations: <none>

TIMING-20#21 Warning
Non-clocked latch  
The latch ROM4/ROM_reg[2] cannot be properly analyzed as its control pin ROM4/ROM_reg[2]/G is not reached by a timing clock
Related violations: <none>

TIMING-20#22 Warning
Non-clocked latch  
The latch ROM4/ROM_reg[3] cannot be properly analyzed as its control pin ROM4/ROM_reg[3]/G is not reached by a timing clock
Related violations: <none>

TIMING-20#23 Warning
Non-clocked latch  
The latch ROM4/ROM_reg[4] cannot be properly analyzed as its control pin ROM4/ROM_reg[4]/G is not reached by a timing clock
Related violations: <none>

TIMING-20#24 Warning
Non-clocked latch  
The latch ROM4/ROM_reg[5] cannot be properly analyzed as its control pin ROM4/ROM_reg[5]/G is not reached by a timing clock
Related violations: <none>

TIMING-20#25 Warning
Non-clocked latch  
The latch ROM4/ROM_reg[6] cannot be properly analyzed as its control pin ROM4/ROM_reg[6]/G is not reached by a timing clock
Related violations: <none>

TIMING-20#26 Warning
Non-clocked latch  
The latch ROM4/ROM_reg[7] cannot be properly analyzed as its control pin ROM4/ROM_reg[7]/G is not reached by a timing clock
Related violations: <none>

TIMING-20#27 Warning
Non-clocked latch  
The latch ROM5/ROM_reg[1] cannot be properly analyzed as its control pin ROM5/ROM_reg[1]/G is not reached by a timing clock
Related violations: <none>

TIMING-20#28 Warning
Non-clocked latch  
The latch ROM5/ROM_reg[2] cannot be properly analyzed as its control pin ROM5/ROM_reg[2]/G is not reached by a timing clock
Related violations: <none>

TIMING-20#29 Warning
Non-clocked latch  
The latch ROM5/ROM_reg[3] cannot be properly analyzed as its control pin ROM5/ROM_reg[3]/G is not reached by a timing clock
Related violations: <none>

TIMING-20#30 Warning
Non-clocked latch  
The latch ROM5/ROM_reg[4] cannot be properly analyzed as its control pin ROM5/ROM_reg[4]/G is not reached by a timing clock
Related violations: <none>

TIMING-20#31 Warning
Non-clocked latch  
The latch ROM5/ROM_reg[5] cannot be properly analyzed as its control pin ROM5/ROM_reg[5]/G is not reached by a timing clock
Related violations: <none>

TIMING-20#32 Warning
Non-clocked latch  
The latch ROM5/ROM_reg[6] cannot be properly analyzed as its control pin ROM5/ROM_reg[6]/G is not reached by a timing clock
Related violations: <none>


