
*** Running vivado
    with args -log reclama_animatie.vds -m64 -product Vivado -mode batch -messageDb vivado.pb -notrace -source reclama_animatie.tcl



****** Vivado v2020.2 (64-bit)
  **** SW Build 3064766 on Wed Nov 18 09:12:45 MST 2020
  **** IP Build 3064653 on Wed Nov 18 14:17:31 MST 2020
    ** Copyright 1986-2020 Xilinx, Inc. All Rights Reserved.

source reclama_animatie.tcl -notrace
Command: synth_design -top reclama_animatie -part xc7a35tcpg236-1
Starting synth_design
Attempting to get a license for feature 'Synthesis' and/or device 'xc7a35t'
INFO: [Common 17-349] Got license for feature 'Synthesis' and/or device 'xc7a35t'
INFO: [Synth 8-7079] Multithreading enabled for synth_design using a maximum of 2 processes.
INFO: [Synth 8-7078] Launching helper process for spawning children vivado processes
INFO: [Synth 8-7075] Helper process launched with PID 10884
---------------------------------------------------------------------------------
Starting Synthesize : Time (s): cpu = 00:00:04 ; elapsed = 00:00:04 . Memory (MB): peak = 1030.746 ; gain = 0.000
---------------------------------------------------------------------------------
INFO: [Synth 8-638] synthesizing module 'reclama_animatie' [C:/Users/Darius Radu/RaduDarius_proiectA9/RaduDarius_proiectA9.srcs/sources_1/new/arh_reclama.vhd:6]
INFO: [Synth 8-3491] module 'numarator_27bit' declared at 'C:/Users/Darius Radu/RaduDarius_proiectA9/RaduDarius_proiectA9.srcs/sources_1/new/numarator27biti.vhd:7' bound to instance 'NUMARATOR' of component 'numarator_27bit' [C:/Users/Darius Radu/RaduDarius_proiectA9/RaduDarius_proiectA9.srcs/sources_1/new/arh_reclama.vhd:68]
INFO: [Synth 8-638] synthesizing module 'numarator_27bit' [C:/Users/Darius Radu/RaduDarius_proiectA9/RaduDarius_proiectA9.srcs/sources_1/new/numarator27biti.vhd:12]
INFO: [Synth 8-256] done synthesizing module 'numarator_27bit' (1#1) [C:/Users/Darius Radu/RaduDarius_proiectA9/RaduDarius_proiectA9.srcs/sources_1/new/numarator27biti.vhd:12]
INFO: [Synth 8-3491] module 'dmux1_8' declared at 'C:/Users/Darius Radu/RaduDarius_proiectA9/RaduDarius_proiectA9.srcs/sources_1/new/dmux1_8.vhd:6' bound to instance 'MOD_ANIMATIE' of component 'dmux1_8' [C:/Users/Darius Radu/RaduDarius_proiectA9/RaduDarius_proiectA9.srcs/sources_1/new/arh_reclama.vhd:71]
INFO: [Synth 8-638] synthesizing module 'dmux1_8' [C:/Users/Darius Radu/RaduDarius_proiectA9/RaduDarius_proiectA9.srcs/sources_1/new/dmux1_8.vhd:12]
INFO: [Synth 8-256] done synthesizing module 'dmux1_8' (2#1) [C:/Users/Darius Radu/RaduDarius_proiectA9/RaduDarius_proiectA9.srcs/sources_1/new/dmux1_8.vhd:12]
INFO: [Synth 8-3491] module 'Mem_Rom8' declared at 'C:/Users/Darius Radu/RaduDarius_proiectA9/RaduDarius_proiectA9.srcs/sources_1/new/memRom_8biti.vhd:6' bound to instance 'ROM0' of component 'Mem_Rom8' [C:/Users/Darius Radu/RaduDarius_proiectA9/RaduDarius_proiectA9.srcs/sources_1/new/arh_reclama.vhd:74]
INFO: [Synth 8-638] synthesizing module 'Mem_Rom8' [C:/Users/Darius Radu/RaduDarius_proiectA9/RaduDarius_proiectA9.srcs/sources_1/new/memRom_8biti.vhd:12]
WARNING: [Synth 8-614] signal 'ROM' is read in the process but is not in the sensitivity list [C:/Users/Darius Radu/RaduDarius_proiectA9/RaduDarius_proiectA9.srcs/sources_1/new/memRom_8biti.vhd:18]
INFO: [Synth 8-256] done synthesizing module 'Mem_Rom8' (3#1) [C:/Users/Darius Radu/RaduDarius_proiectA9/RaduDarius_proiectA9.srcs/sources_1/new/memRom_8biti.vhd:12]
INFO: [Synth 8-3491] module 'Mem_Rom16' declared at 'C:/Users/Darius Radu/RaduDarius_proiectA9/RaduDarius_proiectA9.srcs/sources_1/new/memROM_16biti.vhd:6' bound to instance 'ROM1' of component 'Mem_Rom16' [C:/Users/Darius Radu/RaduDarius_proiectA9/RaduDarius_proiectA9.srcs/sources_1/new/arh_reclama.vhd:80]
INFO: [Synth 8-638] synthesizing module 'Mem_Rom16_arh_rom1' [C:/Users/Darius Radu/RaduDarius_proiectA9/RaduDarius_proiectA9.srcs/sources_1/new/memROM_16biti.vhd:12]
INFO: [Synth 8-226] default block is never used [C:/Users/Darius Radu/RaduDarius_proiectA9/RaduDarius_proiectA9.srcs/sources_1/new/memROM_16biti.vhd:21]
WARNING: [Synth 8-614] signal 'ROM' is read in the process but is not in the sensitivity list [C:/Users/Darius Radu/RaduDarius_proiectA9/RaduDarius_proiectA9.srcs/sources_1/new/memROM_16biti.vhd:18]
INFO: [Synth 8-256] done synthesizing module 'Mem_Rom16_arh_rom1' (4#1) [C:/Users/Darius Radu/RaduDarius_proiectA9/RaduDarius_proiectA9.srcs/sources_1/new/memROM_16biti.vhd:12]
INFO: [Synth 8-3491] module 'Mem_Rom16' declared at 'C:/Users/Darius Radu/RaduDarius_proiectA9/RaduDarius_proiectA9.srcs/sources_1/new/memROM_16biti.vhd:6' bound to instance 'ROM2' of component 'Mem_Rom16' [C:/Users/Darius Radu/RaduDarius_proiectA9/RaduDarius_proiectA9.srcs/sources_1/new/arh_reclama.vhd:87]
INFO: [Synth 8-638] synthesizing module 'Mem_Rom16_arh_rom2' [C:/Users/Darius Radu/RaduDarius_proiectA9/RaduDarius_proiectA9.srcs/sources_1/new/memROM_16biti.vhd:49]
WARNING: [Synth 8-614] signal 'ROM' is read in the process but is not in the sensitivity list [C:/Users/Darius Radu/RaduDarius_proiectA9/RaduDarius_proiectA9.srcs/sources_1/new/memROM_16biti.vhd:55]
INFO: [Synth 8-256] done synthesizing module 'Mem_Rom16_arh_rom2' (5#1) [C:/Users/Darius Radu/RaduDarius_proiectA9/RaduDarius_proiectA9.srcs/sources_1/new/memROM_16biti.vhd:49]
INFO: [Synth 8-3491] module 'Mem_Rom16' declared at 'C:/Users/Darius Radu/RaduDarius_proiectA9/RaduDarius_proiectA9.srcs/sources_1/new/memROM_16biti.vhd:6' bound to instance 'ROM3' of component 'Mem_Rom16' [C:/Users/Darius Radu/RaduDarius_proiectA9/RaduDarius_proiectA9.srcs/sources_1/new/arh_reclama.vhd:94]
INFO: [Synth 8-638] synthesizing module 'Mem_Rom16_arh_rom3' [C:/Users/Darius Radu/RaduDarius_proiectA9/RaduDarius_proiectA9.srcs/sources_1/new/memROM_16biti.vhd:80]
INFO: [Synth 8-226] default block is never used [C:/Users/Darius Radu/RaduDarius_proiectA9/RaduDarius_proiectA9.srcs/sources_1/new/memROM_16biti.vhd:89]
WARNING: [Synth 8-614] signal 'ROM' is read in the process but is not in the sensitivity list [C:/Users/Darius Radu/RaduDarius_proiectA9/RaduDarius_proiectA9.srcs/sources_1/new/memROM_16biti.vhd:86]
INFO: [Synth 8-256] done synthesizing module 'Mem_Rom16_arh_rom3' (6#1) [C:/Users/Darius Radu/RaduDarius_proiectA9/RaduDarius_proiectA9.srcs/sources_1/new/memROM_16biti.vhd:80]
INFO: [Synth 8-3491] module 'Mem_Rom16' declared at 'C:/Users/Darius Radu/RaduDarius_proiectA9/RaduDarius_proiectA9.srcs/sources_1/new/memROM_16biti.vhd:6' bound to instance 'ROM4' of component 'Mem_Rom16' [C:/Users/Darius Radu/RaduDarius_proiectA9/RaduDarius_proiectA9.srcs/sources_1/new/arh_reclama.vhd:101]
INFO: [Synth 8-638] synthesizing module 'Mem_Rom16_arh_rom4' [C:/Users/Darius Radu/RaduDarius_proiectA9/RaduDarius_proiectA9.srcs/sources_1/new/memROM_16biti.vhd:117]
INFO: [Synth 8-226] default block is never used [C:/Users/Darius Radu/RaduDarius_proiectA9/RaduDarius_proiectA9.srcs/sources_1/new/memROM_16biti.vhd:126]
WARNING: [Synth 8-614] signal 'ROM' is read in the process but is not in the sensitivity list [C:/Users/Darius Radu/RaduDarius_proiectA9/RaduDarius_proiectA9.srcs/sources_1/new/memROM_16biti.vhd:123]
INFO: [Synth 8-256] done synthesizing module 'Mem_Rom16_arh_rom4' (7#1) [C:/Users/Darius Radu/RaduDarius_proiectA9/RaduDarius_proiectA9.srcs/sources_1/new/memROM_16biti.vhd:117]
INFO: [Synth 8-3491] module 'Mem_Rom32' declared at 'C:/Users/Darius Radu/RaduDarius_proiectA9/RaduDarius_proiectA9.srcs/sources_1/new/memROM_32biti.vhd:6' bound to instance 'ROM5' of component 'Mem_Rom32' [C:/Users/Darius Radu/RaduDarius_proiectA9/RaduDarius_proiectA9.srcs/sources_1/new/arh_reclama.vhd:108]
INFO: [Synth 8-638] synthesizing module 'Mem_Rom32' [C:/Users/Darius Radu/RaduDarius_proiectA9/RaduDarius_proiectA9.srcs/sources_1/new/memROM_32biti.vhd:12]
WARNING: [Synth 8-614] signal 'ROM' is read in the process but is not in the sensitivity list [C:/Users/Darius Radu/RaduDarius_proiectA9/RaduDarius_proiectA9.srcs/sources_1/new/memROM_32biti.vhd:15]
INFO: [Synth 8-256] done synthesizing module 'Mem_Rom32' (8#1) [C:/Users/Darius Radu/RaduDarius_proiectA9/RaduDarius_proiectA9.srcs/sources_1/new/memROM_32biti.vhd:12]
INFO: [Synth 8-3491] module 'mux8_1' declared at 'C:/Users/Darius Radu/RaduDarius_proiectA9/RaduDarius_proiectA9.srcs/sources_1/new/mux8_1.vhd:6' bound to instance 'SELECTIE_LITERA' of component 'mux8_1' [C:/Users/Darius Radu/RaduDarius_proiectA9/RaduDarius_proiectA9.srcs/sources_1/new/arh_reclama.vhd:116]
INFO: [Synth 8-638] synthesizing module 'mux8_1' [C:/Users/Darius Radu/RaduDarius_proiectA9/RaduDarius_proiectA9.srcs/sources_1/new/mux8_1.vhd:12]
WARNING: [Synth 8-614] signal 'I' is read in the process but is not in the sensitivity list [C:/Users/Darius Radu/RaduDarius_proiectA9/RaduDarius_proiectA9.srcs/sources_1/new/mux8_1.vhd:14]
INFO: [Synth 8-256] done synthesizing module 'mux8_1' (9#1) [C:/Users/Darius Radu/RaduDarius_proiectA9/RaduDarius_proiectA9.srcs/sources_1/new/mux8_1.vhd:12]
INFO: [Synth 8-3491] module 'dmux1_4' declared at 'C:/Users/Darius Radu/RaduDarius_proiectA9/RaduDarius_proiectA9.srcs/sources_1/new/dmux1_4.vhd:6' bound to instance 'ANOD_SELECTIE' of component 'dmux1_4' [C:/Users/Darius Radu/RaduDarius_proiectA9/RaduDarius_proiectA9.srcs/sources_1/new/arh_reclama.vhd:126]
INFO: [Synth 8-638] synthesizing module 'dmux1_4' [C:/Users/Darius Radu/RaduDarius_proiectA9/RaduDarius_proiectA9.srcs/sources_1/new/dmux1_4.vhd:12]
WARNING: [Synth 8-614] signal 'D' is read in the process but is not in the sensitivity list [C:/Users/Darius Radu/RaduDarius_proiectA9/RaduDarius_proiectA9.srcs/sources_1/new/dmux1_4.vhd:17]
INFO: [Synth 8-256] done synthesizing module 'dmux1_4' (10#1) [C:/Users/Darius Radu/RaduDarius_proiectA9/RaduDarius_proiectA9.srcs/sources_1/new/dmux1_4.vhd:12]
INFO: [Synth 8-256] done synthesizing module 'reclama_animatie' (11#1) [C:/Users/Darius Radu/RaduDarius_proiectA9/RaduDarius_proiectA9.srcs/sources_1/new/arh_reclama.vhd:6]
---------------------------------------------------------------------------------
Finished Synthesize : Time (s): cpu = 00:00:05 ; elapsed = 00:00:06 . Memory (MB): peak = 1030.746 ; gain = 0.000
---------------------------------------------------------------------------------
---------------------------------------------------------------------------------
Finished Constraint Validation : Time (s): cpu = 00:00:06 ; elapsed = 00:00:06 . Memory (MB): peak = 1030.746 ; gain = 0.000
---------------------------------------------------------------------------------
---------------------------------------------------------------------------------
Start Loading Part and Timing Information
---------------------------------------------------------------------------------
Loading part: xc7a35tcpg236-1
INFO: [Device 21-403] Loading part xc7a35tcpg236-1
---------------------------------------------------------------------------------
Finished Loading Part and Timing Information : Time (s): cpu = 00:00:06 ; elapsed = 00:00:06 . Memory (MB): peak = 1030.746 ; gain = 0.000
---------------------------------------------------------------------------------
WARNING: [Synth 8-327] inferring latch for variable 'Q_reg' [C:/Users/Darius Radu/RaduDarius_proiectA9/RaduDarius_proiectA9.srcs/sources_1/new/dmux1_8.vhd:17]
WARNING: [Synth 8-327] inferring latch for variable 'ROM_reg' [C:/Users/Darius Radu/RaduDarius_proiectA9/RaduDarius_proiectA9.srcs/sources_1/new/memRom_8biti.vhd:22]
WARNING: [Synth 8-327] inferring latch for variable 'ROM_reg' [C:/Users/Darius Radu/RaduDarius_proiectA9/RaduDarius_proiectA9.srcs/sources_1/new/memROM_16biti.vhd:22]
WARNING: [Synth 8-327] inferring latch for variable 'ROM_reg' [C:/Users/Darius Radu/RaduDarius_proiectA9/RaduDarius_proiectA9.srcs/sources_1/new/memROM_16biti.vhd:59]
WARNING: [Synth 8-327] inferring latch for variable 'ROM_reg' [C:/Users/Darius Radu/RaduDarius_proiectA9/RaduDarius_proiectA9.srcs/sources_1/new/memROM_16biti.vhd:90]
WARNING: [Synth 8-327] inferring latch for variable 'ROM_reg' [C:/Users/Darius Radu/RaduDarius_proiectA9/RaduDarius_proiectA9.srcs/sources_1/new/memROM_16biti.vhd:127]
WARNING: [Synth 8-327] inferring latch for variable 'ROM_reg' [C:/Users/Darius Radu/RaduDarius_proiectA9/RaduDarius_proiectA9.srcs/sources_1/new/memROM_32biti.vhd:19]
---------------------------------------------------------------------------------
Finished RTL Optimization Phase 2 : Time (s): cpu = 00:00:06 ; elapsed = 00:00:06 . Memory (MB): peak = 1030.746 ; gain = 0.000
---------------------------------------------------------------------------------
No constraint files found.
---------------------------------------------------------------------------------
Start RTL Component Statistics 
---------------------------------------------------------------------------------
Detailed RTL Component Info : 
+---Muxes : 
	   8 Input    8 Bit        Muxes := 1     
	   2 Input    8 Bit        Muxes := 1     
	   4 Input    8 Bit        Muxes := 1     
	  16 Input    8 Bit        Muxes := 2     
	  11 Input    8 Bit        Muxes := 1     
	  15 Input    7 Bit        Muxes := 1     
	   4 Input    4 Bit        Muxes := 1     
---------------------------------------------------------------------------------
Finished RTL Component Statistics 
---------------------------------------------------------------------------------
---------------------------------------------------------------------------------
Start Part Resource Summary
---------------------------------------------------------------------------------
Part Resources:
DSPs: 90 (col length:60)
BRAMs: 100 (col length: RAMB18 60 RAMB36 30)
---------------------------------------------------------------------------------
Finished Part Resource Summary
---------------------------------------------------------------------------------
No constraint files found.
---------------------------------------------------------------------------------
Start Cross Boundary and Area Optimization
---------------------------------------------------------------------------------
---------------------------------------------------------------------------------
Finished Cross Boundary and Area Optimization : Time (s): cpu = 00:00:10 ; elapsed = 00:00:18 . Memory (MB): peak = 1030.746 ; gain = 0.000
---------------------------------------------------------------------------------
No constraint files found.
---------------------------------------------------------------------------------
Start Timing Optimization
---------------------------------------------------------------------------------
---------------------------------------------------------------------------------
Finished Timing Optimization : Time (s): cpu = 00:00:10 ; elapsed = 00:00:18 . Memory (MB): peak = 1030.746 ; gain = 0.000
---------------------------------------------------------------------------------
---------------------------------------------------------------------------------
Start Technology Mapping
---------------------------------------------------------------------------------
---------------------------------------------------------------------------------
Finished Technology Mapping : Time (s): cpu = 00:00:10 ; elapsed = 00:00:18 . Memory (MB): peak = 1030.746 ; gain = 0.000
---------------------------------------------------------------------------------
---------------------------------------------------------------------------------
Start IO Insertion
---------------------------------------------------------------------------------
---------------------------------------------------------------------------------
Start Flattening Before IO Insertion
---------------------------------------------------------------------------------
---------------------------------------------------------------------------------
Finished Flattening Before IO Insertion
---------------------------------------------------------------------------------
---------------------------------------------------------------------------------
Start Final Netlist Cleanup
---------------------------------------------------------------------------------
---------------------------------------------------------------------------------
Finished Final Netlist Cleanup
---------------------------------------------------------------------------------
---------------------------------------------------------------------------------
Finished IO Insertion : Time (s): cpu = 00:00:13 ; elapsed = 00:00:21 . Memory (MB): peak = 1030.746 ; gain = 0.000
---------------------------------------------------------------------------------
---------------------------------------------------------------------------------
Start Renaming Generated Instances
---------------------------------------------------------------------------------
---------------------------------------------------------------------------------
Finished Renaming Generated Instances : Time (s): cpu = 00:00:13 ; elapsed = 00:00:21 . Memory (MB): peak = 1030.746 ; gain = 0.000
---------------------------------------------------------------------------------
---------------------------------------------------------------------------------
Start Rebuilding User Hierarchy
---------------------------------------------------------------------------------
---------------------------------------------------------------------------------
Finished Rebuilding User Hierarchy : Time (s): cpu = 00:00:13 ; elapsed = 00:00:21 . Memory (MB): peak = 1030.746 ; gain = 0.000
---------------------------------------------------------------------------------
---------------------------------------------------------------------------------
Start Renaming Generated Ports
---------------------------------------------------------------------------------
---------------------------------------------------------------------------------
Finished Renaming Generated Ports : Time (s): cpu = 00:00:13 ; elapsed = 00:00:21 . Memory (MB): peak = 1030.746 ; gain = 0.000
---------------------------------------------------------------------------------
---------------------------------------------------------------------------------
Start Handling Custom Attributes
---------------------------------------------------------------------------------
---------------------------------------------------------------------------------
Finished Handling Custom Attributes : Time (s): cpu = 00:00:13 ; elapsed = 00:00:21 . Memory (MB): peak = 1030.746 ; gain = 0.000
---------------------------------------------------------------------------------
---------------------------------------------------------------------------------
Start Renaming Generated Nets
---------------------------------------------------------------------------------
---------------------------------------------------------------------------------
Finished Renaming Generated Nets : Time (s): cpu = 00:00:13 ; elapsed = 00:00:21 . Memory (MB): peak = 1030.746 ; gain = 0.000
---------------------------------------------------------------------------------
---------------------------------------------------------------------------------
Start Writing Synthesis Report
---------------------------------------------------------------------------------

Report BlackBoxes: 
+-+--------------+----------+
| |BlackBox name |Instances |
+-+--------------+----------+
+-+--------------+----------+

Report Cell Usage: 
+------+-------+------+
|      |Cell   |Count |
+------+-------+------+
|1     |BUFG   |     1|
|2     |CARRY4 |     9|
|3     |LUT1   |     2|
|4     |LUT2   |    42|
|5     |LUT3   |    15|
|6     |LUT4   |     6|
|7     |LUT5   |     7|
|8     |LUT6   |     9|
|9     |FDCE   |    32|
|10    |LD     |    32|
|11    |IBUF   |     6|
|12    |OBUF   |    12|
+------+-------+------+

Report Instance Areas: 
+------+---------------+-------------------+------+
|      |Instance       |Module             |Cells |
+------+---------------+-------------------+------+
|1     |top            |                   |   173|
|2     |  MOD_ANIMATIE |dmux1_8            |    12|
|3     |  NUMARATOR    |numarator_27bit    |    90|
|4     |  ROM0         |Mem_Rom8           |     7|
|5     |  ROM1         |Mem_Rom16_arh_rom1 |     6|
|6     |  ROM2         |Mem_Rom16_arh_rom2 |     8|
|7     |  ROM3         |Mem_Rom16_arh_rom3 |    10|
|8     |  ROM4         |Mem_Rom16_arh_rom4 |     8|
|9     |  ROM5         |Mem_Rom32          |    12|
+------+---------------+-------------------+------+
---------------------------------------------------------------------------------
Finished Writing Synthesis Report : Time (s): cpu = 00:00:13 ; elapsed = 00:00:21 . Memory (MB): peak = 1030.746 ; gain = 0.000
---------------------------------------------------------------------------------
Synthesis finished with 0 errors, 0 critical warnings and 15 warnings.
Synthesis Optimization Runtime : Time (s): cpu = 00:00:13 ; elapsed = 00:00:21 . Memory (MB): peak = 1030.746 ; gain = 0.000
Synthesis Optimization Complete : Time (s): cpu = 00:00:13 ; elapsed = 00:00:21 . Memory (MB): peak = 1030.746 ; gain = 0.000
INFO: [Project 1-571] Translating synthesized netlist
Netlist sorting complete. Time (s): cpu = 00:00:00 ; elapsed = 00:00:00.002 . Memory (MB): peak = 1030.746 ; gain = 0.000
INFO: [Netlist 29-17] Analyzing 41 Unisim elements for replacement
INFO: [Netlist 29-28] Unisim Transformation completed in 0 CPU seconds
INFO: [Project 1-570] Preparing netlist for logic optimization
INFO: [Opt 31-138] Pushed 0 inverter(s) to 0 load pin(s).
Netlist sorting complete. Time (s): cpu = 00:00:00 ; elapsed = 00:00:00 . Memory (MB): peak = 1030.746 ; gain = 0.000
INFO: [Project 1-111] Unisim Transformation Summary:
  A total of 32 instances were transformed.
  LD => LDCE: 32 instances

INFO: [Common 17-83] Releasing license: Synthesis
47 Infos, 15 Warnings, 0 Critical Warnings and 0 Errors encountered.
synth_design completed successfully
synth_design: Time (s): cpu = 00:00:16 ; elapsed = 00:00:24 . Memory (MB): peak = 1030.746 ; gain = 0.000
INFO: [Common 17-1381] The checkpoint 'C:/Users/Darius Radu/RaduDarius_proiectA9/RaduDarius_proiectA9.runs/synth_1/reclama_animatie.dcp' has been generated.
INFO: [runtcl-4] Executing : report_utilization -file reclama_animatie_utilization_synth.rpt -pb reclama_animatie_utilization_synth.pb
INFO: [Common 17-206] Exiting Vivado at Sat May 15 14:49:44 2021...
